28620
11058
48454
51038
17357
49691
45458
23902
62301
2478
91192
66811
22915
13023
59093
72356
84611
23279
31795
30011
35656
1449
74778
3292
65617
13347
5758
34673
3960
24164
33865
44019
33887
76691
26386
45840
50029
14251
34195
58426
35424
64146
27767
48438
9664
44193
43823
9994
86944
60456
4497
62523
51568
2752
14984
9660
59349
4628
14523
78882
88483
16193
8624
46478
69841
86780
50549
675
2267
77471
16554
91438
60227
86180
28330
36657
9001
64504
29391
48736
91799
64418
92561
90874
54494
64868
9764
50143
12514
69345
84303
89217
56183
82680
31501
17102
30003
26046
86742
88255
