57730
19703
85720
43376
78862
90814
20326
78394
65431
31413
51078
13820
16664
8770
32327
49689
44873
21729
73385
27227
49402
57322
37167
1289
59037
93345
28939
5464
92255
34611
73265
89237
11286
13073
1098
15905
51664
46108
28302
1086
37242
73671
4888
52997
53972
8484
46787
60358
30348
57734
12144
47693
30282
1602
73277
2736
6670
59811
48536
36579
16007
28672
21095
7069
68490
73919
38100
35578
60171
91759
4094
26728
72789
3116
92343
530
8798
78192
17423
5009
76863
79542
31699
57196
31056
18025
40000
37342
77305
25409
73903
83284
32978
2295
33176
12628
49925
790
40926
25009
