60456
34734
32327
86560
34445
49026
78442
20804
68522
89900
25289
56839
56383
11326
90490
90594
13858
10641
67218
20186
45652
7262
53984
67914
37816
84987
21822
69017
2076
27898
26416
62073
2283
8979
70125
32370
68823
85596
66529
25175
72521
30588
69949
56663
38859
28330
40360
54956
119
12779
35302
50923
36205
5460
43969
26090
57316
74862
20816
9001
85497
59105
64354
24532
20792
77513
36383
78472
75268
57362
10820
6718
41747
92231
59639
1707
37033
8123
58240
36457
894
79582
16533
10581
45362
61386
54118
79074
72248
45166
56419
75040
52805
4520
6562
71912
74310
39639
47961
38012
