40486
3675
34952
6205
69261
4832
66617
61496
87933
5141
46673
85964
74071
2482
29161
57011
32129
31431
403
68941
5025
23127
27003
17583
9750
36305
72837
63880
953
69017
52513
28322
76209
64018
67280
70125
83611
18672
22354
22166
1086
85267
36197
85417
19553
31142
22174
35176
65653
10329
46252
43847
47155
14769
65637
26646
28660
32303
29133
5259
30854
74642
58458
41409
87677
83070
1423
46703
9908
89622
61084
90814
33539
399
16968
61508
7362
52645
25405
70958
18892
48778
42640
49376
13091
33370
92061
67252
24793
34389
59627
2839
65379
79208
60406
6059
6576
6670
76365
25635
