56823
83635
39199
1976
13868
11366
71496
76295
89411
1767
51266
65971
2935
68574
26398
59907
54088
47811
86616
66943
23081
81557
68450
20816
88321
42247
36707
2325
61084
51694
49769
11318
57236
80229
10535
13858
26851
38467
10217
12602
86750
86030
36383
21227
12891
37069
32303
25788
14279
65116
76075
17284
8420
12336
40628
66931
516
29133
25731
21409
12572
48794
34591
1305
67730
21721
80793
37718
91651
82572
4102
46418
83194
69437
66305
26478
3074
71912
34377
51578
25055
15138
41171
80711
4816
25920
40804
83885
87601
40324
57794
45698
28338
62093
70421
74466
5766
45073
7284
13710
